<?xml version="1.0" encoding="UTF-8"?>
<!-- Generated by org.testng.reporters.JUnitReportReporter -->
<testsuite hostname="DESKTOP-BH6LQCD" failures="0" tests="1" name="testcase.FlipkartSearch" time="54.153" errors="0" timestamp="2024-11-05T14:47:57 IST" skipped="0">
  <testcase classname="testcase.FlipkartSearch" name="SearchProduct" time="54.153"/>
</testsuite> <!-- testcase.FlipkartSearch -->
