<?xml version="1.0" encoding="UTF-8"?>
<!-- Generated by org.testng.reporters.JUnitReportReporter -->
<testsuite hostname="DESKTOP-BH6LQCD" failures="0" tests="1" name="testcase.GetYourKundli" time="8.078" errors="0" timestamp="2024-11-05T14:47:57 IST" skipped="0">
  <testcase classname="testcase.GetYourKundli" name="YourKundli" time="8.078"/>
</testsuite> <!-- testcase.GetYourKundli -->
