<?xml version="1.0" encoding="UTF-8"?>
<!-- Generated by org.testng.reporters.JUnitReportReporter -->
<testsuite hostname="DESKTOP-BH6LQCD" failures="0" tests="2" name="testcase.Makemytrip" time="21.149" errors="0" timestamp="2024-10-23T12:00:32 IST" skipped="1">
  <testcase classname="testcase.Makemytrip" name="MMTSelectFlight" time="21.149"/>
  <testcase classname="testcase.Makemytrip" name="EaseMyTripSelectFlight">
    <skipped/>
  </testcase> <!-- EaseMyTripSelectFlight -->
</testsuite> <!-- testcase.Makemytrip -->
