<?xml version="1.0" encoding="UTF-8"?>
<!-- Generated by org.testng.reporters.JUnitReportReporter -->
<testsuite hostname="DESKTOP-BH6LQCD" failures="0" tests="1" name="testcase.Opencart" time="24.531" errors="0" timestamp="2024-10-16T23:00:36 IST" skipped="0">
  <testcase classname="testcase.Opencart" name="getOrdersIDName" time="24.531"/>
</testsuite> <!-- testcase.Opencart -->
