<?xml version="1.0" encoding="UTF-8"?>
<!-- Generated by org.testng.reporters.JUnitReportReporter -->
<testsuite hostname="DESKTOP-BH6LQCD" failures="0" tests="6" name="testcase.AutoDemoSite" time="34.166" errors="0" timestamp="2024-11-05T14:47:57 IST" skipped="0">
  <testcase classname="testcase.AutoDemoSite" name="RegisterUser" time="5.002"/>
  <testcase classname="testcase.AutoDemoSite" name="AlertsHandling" time="4.724"/>
  <testcase classname="testcase.AutoDemoSite" name="WindowsHandling" time="12.392"/>
  <testcase classname="testcase.AutoDemoSite" name="iFrameHandling" time="2.624"/>
  <testcase classname="testcase.AutoDemoSite" name="autocomplete" time="5.198"/>
  <testcase classname="testcase.AutoDemoSite" name="DatePicker" time="4.226"/>
</testsuite> <!-- testcase.AutoDemoSite -->
