<?xml version="1.0" encoding="UTF-8"?>
<!-- Generated by org.testng.reporters.JUnitReportReporter -->
<testsuite hostname="DESKTOP-BH6LQCD" failures="0" tests="1" name="testcase.TestCode" time="8.974" errors="0" timestamp="2024-11-06T21:22:27 IST" skipped="0">
  <testcase classname="testcase.TestCode" name="EaseMyTripSelectFlight" time="8.974"/>
</testsuite> <!-- testcase.TestCode -->
